#
# There is insufficient memory for the Java Runtime Environment to continue.
# Native memory allocation (malloc) failed to allocate 32744 bytes for ChunkPool::allocate
# Possible reasons:
#   The system is out of physical RAM or swap space
#   The process is running with CompressedOops enabled, and the Java Heap may be blocking the growth of the native heap
# Possible solutions:
#   Reduce memory load on the system
#   Increase physical memory or swap space
#   Check if swap backing store is full
#   Decrease Java heap size (-Xmx/-Xms)
#   Decrease number of Java threads
#   Decrease Java thread stack sizes (-Xss)
#   Set larger code cache with -XX:ReservedCodeCacheSize=
#   JVM is running with Unscaled Compressed Oops mode in which the Java heap is
#     placed in the first 4GB address space. The Java Heap base address is the
#     maximum limit for the native heap growth. Please use -XX:HeapBaseMinAddress
#     to set the Java Heap base and to place the Java Heap above 4GB virtual address.
# This output file may be truncated or incomplete.
#
#  Out of Memory Error (allocation.cpp:272), pid=9008, tid=0x00000000000024ac
#
# JRE version: OpenJDK Runtime Environment (8.0_242-b01) (build 1.8.0_242-release-1644-b01)
# Java VM: OpenJDK 64-Bit Server VM (25.242-b01 mixed mode windows-amd64 compressed oops)
# Failed to write core dump. Minidumps are not enabled by default on client versions of Windows
#

---------------  T H R E A D  ---------------

Current thread (0x0000000019c79800):  JavaThread "Daemon worker" [_thread_in_native, id=9388, stack(0x000000001b810000,0x000000001b910000)]

Stack: [0x000000001b810000,0x000000001b910000]
[error occurred during error reporting (printing stack bounds), id 0xc0000005]

Native frames: (J=compiled Java code, j=interpreted, Vv=VM code, C=native code)

Java frames: (J=compiled Java code, j=interpreted, Vv=VM code)
j  java.util.IdentityHashMap.keySet()Ljava/util/Set;+9
j  java.util.Collections$SetFromMap.<init>(Ljava/util/Map;)V+30
j  java.util.Collections.newSetFromMap(Ljava/util/Map;)Ljava/util/Set;+5
j  java.lang.Throwable.printStackTrace(Ljava/lang/Throwable$PrintStreamOrWriter;)V+7
j  java.lang.Throwable.printStackTrace(Ljava/io/PrintWriter;)V+9
j  org.gradle.internal.exceptions.DefaultMultiCauseException.printStackTrace(Ljava/io/PrintWriter;)V+15
j  org.gradle.internal.logging.text.AbstractStyledTextOutput.exception(Ljava/lang/Throwable;)Lorg/gradle/internal/logging/text/StyledTextOutput;+19
j  org.gradle.internal.buildevents.BuildExceptionReporter.writeFailureDetails(Lorg/gradle/internal/logging/text/StyledTextOutput;Lorg/gradle/internal/buildevents/BuildExceptionReporter$FailureDetails;)V+194
j  org.gradle.internal.buildevents.BuildExceptionReporter.renderSingleBuildException(Ljava/lang/Throwable;)V+73
j  org.gradle.internal.buildevents.BuildExceptionReporter.execute(Ljava/lang/Throwable;)V+27
j  org.gradle.internal.buildevents.BuildExceptionReporter.buildFinished(Lorg/gradle/BuildResult;)V+12
j  org.gradle.internal.buildevents.BuildLogger.logResult(Ljava/lang/Throwable;)V+27
j  org.gradle.launcher.exec.BuildOutcomeReportingBuildActionRunner.run(Lorg/gradle/internal/invocation/BuildAction;Lorg/gradle/internal/invocation/BuildController;)Lorg/gradle/internal/invocation/BuildActionRunner$Result;+177
j  org.gradle.tooling.internal.provider.ValidatingBuildActionRunner.run(Lorg/gradle/internal/invocation/BuildAction;Lorg/gradle/internal/invocation/BuildController;)Lorg/gradle/internal/invocation/BuildActionRunner$Result;+6
j  org.gradle.launcher.exec.BuildCompletionNotifyingBuildActionRunner.run(Lorg/gradle/internal/invocation/BuildAction;Lorg/gradle/internal/invocation/BuildController;)Lorg/gradle/internal/invocation/BuildActionRunner$Result;+28
j  org.gradle.launcher.exec.RunAsBuildOperationBuildActionRunner$3.call(Lorg/gradle/internal/operations/BuildOperationContext;)Lorg/gradle/internal/invocation/BuildActionRunner$Result;+95
j  org.gradle.launcher.exec.RunAsBuildOperationBuildActionRunner$3.call(Lorg/gradle/internal/operations/BuildOperationContext;)Ljava/lang/Object;+2
j  org.gradle.internal.operations.DefaultBuildOperationExecutor$CallableBuildOperationWorker.execute(Lorg/gradle/internal/operations/CallableBuildOperation;Lorg/gradle/internal/operations/BuildOperationContext;)V+3
j  org.gradle.internal.operations.DefaultBuildOperationExecutor$CallableBuildOperationWorker.execute(Lorg/gradle/internal/operations/BuildOperation;Lorg/gradle/internal/operations/BuildOperationContext;)V+6
j  org.gradle.internal.operations.DefaultBuildOperationExecutor$1.execute(Lorg/gradle/internal/operations/BuildOperationDescriptor;Lorg/gradle/internal/operations/DefaultBuildOperationExecutor$DefaultBuildOperationContext;Lorg/gradle/internal/operations/DefaultBuildOperationExecutor$BuildOperationExecutionListener;)Lorg/gradle/internal/operations/BuildOperation;+18
j  org.gradle.internal.operations.DefaultBuildOperationExecutor.execute(Lorg/gradle/internal/operations/BuildOperationDescriptor$Builder;Lorg/gradle/internal/operations/DefaultBuildOperationExecutor$BuildOperationState;Lorg/gradle/internal/operations/DefaultBuildOperationExecutor$BuildOperationExecution;)Lorg/gradle/internal/operations/BuildOperation;+105
j  org.gradle.internal.operations.DefaultBuildOperationExecutor.execute(Lorg/gradle/internal/operations/BuildOperation;Lorg/gradle/internal/operations/BuildOperationWorker;Lorg/gradle/internal/operations/DefaultBuildOperationExecutor$BuildOperationState;)V+22
j  org.gradle.internal.operations.DefaultBuildOperationExecutor.call(Lorg/gradle/internal/operations/CallableBuildOperation;)Ljava/lang/Object;+16
j  org.gradle.internal.operations.DelegatingBuildOperationExecutor.call(Lorg/gradle/internal/operations/CallableBuildOperation;)Ljava/lang/Object;+5
j  org.gradle.launcher.exec.RunAsBuildOperationBuildActionRunner.run(Lorg/gradle/internal/invocation/BuildAction;Lorg/gradle/internal/invocation/BuildController;)Lorg/gradle/internal/invocation/BuildActionRunner$Result;+33
j  org.gradle.launcher.exec.InProcessBuildActionExecuter$1.transform(Lorg/gradle/internal/invocation/BuildController;)Lorg/gradle/launcher/exec/BuildActionResult;+12
j  org.gradle.launcher.exec.InProcessBuildActionExecuter$1.transform(Ljava/lang/Object;)Ljava/lang/Object;+5
j  org.gradle.composite.internal.DefaultRootBuildState.run(Lorg/gradle/api/Transformer;)Ljava/lang/Object;+43
j  org.gradle.launcher.exec.InProcessBuildActionExecuter.execute(Lorg/gradle/internal/invocation/BuildAction;Lorg/gradle/initialization/BuildRequestContext;Lorg/gradle/launcher/exec/BuildActionParameters;Lorg/gradle/internal/service/ServiceRegistry;)Lorg/gradle/launcher/exec/BuildActionResult;+82
j  org.gradle.launcher.exec.InProcessBuildActionExecuter.execute(Lorg/gradle/internal/invocation/BuildAction;Lorg/gradle/initialization/BuildRequestContext;Ljava/lang/Object;Lorg/gradle/internal/service/ServiceRegistry;)Lorg/gradle/launcher/exec/BuildActionResult;+9
j  org.gradle.launcher.exec.BuildTreeScopeBuildActionExecuter.execute(Lorg/gradle/internal/invocation/BuildAction;Lorg/gradle/initialization/BuildRequestContext;Lorg/gradle/launcher/exec/BuildActionParameters;Lorg/gradle/internal/service/ServiceRegistry;)Lorg/gradle/launcher/exec/BuildActionResult;+38
j  org.gradle.launcher.exec.BuildTreeScopeBuildActionExecuter.execute(Lorg/gradle/internal/invocation/BuildAction;Lorg/gradle/initialization/BuildRequestContext;Ljava/lang/Object;Lorg/gradle/internal/service/ServiceRegistry;)Lorg/gradle/launcher/exec/BuildActionResult;+9
j  org.gradle.tooling.internal.provider.ContinuousBuildActionExecuter.execute(Lorg/gradle/internal/invocation/BuildAction;Lorg/gradle/initialization/BuildRequestContext;Lorg/gradle/launcher/exec/BuildActionParameters;Lorg/gradle/internal/service/ServiceRegistry;)Lorg/gradle/launcher/exec/BuildActionResult;+58
j  org.gradle.tooling.internal.provider.ContinuousBuildActionExecuter.execute(Lorg/gradle/internal/invocation/BuildAction;Lorg/gradle/initialization/BuildRequestContext;Ljava/lang/Object;Lorg/gradle/internal/service/ServiceRegistry;)Lorg/gradle/launcher/exec/BuildActionResult;+9
j  org.gradle.tooling.internal.provider.SubscribableBuildActionExecuter.execute(Lorg/gradle/internal/invocation/BuildAction;Lorg/gradle/initialization/BuildRequestContext;Lorg/gradle/launcher/exec/BuildActionParameters;Lorg/gradle/internal/service/ServiceRegistry;)Lorg/gradle/launcher/exec/BuildActionResult;+41
j  org.gradle.tooling.internal.provider.SubscribableBuildActionExecuter.execute(Lorg/gradle/internal/invocation/BuildAction;Lorg/gradle/initialization/BuildRequestContext;Ljava/lang/Object;Lorg/gradle/internal/service/ServiceRegistry;)Lorg/gradle/launcher/exec/BuildActionResult;+9
j  org.gradle.tooling.internal.provider.SessionScopeBuildActionExecuter.execute(Lorg/gradle/internal/invocation/BuildAction;Lorg/gradle/initialization/BuildRequestContext;Lorg/gradle/launcher/exec/BuildActionParameters;Lorg/gradle/internal/service/ServiceRegistry;)Lorg/gradle/launcher/exec/BuildActionResult;+117
j  org.gradle.tooling.internal.provider.SessionScopeBuildActionExecuter.execute(Lorg/gradle/internal/invocation/BuildAction;Lorg/gradle/initialization/BuildRequestContext;Ljava/lang/Object;Lorg/gradle/internal/service/ServiceRegistry;)Lorg/gradle/launcher/exec/BuildActionResult;+9
j  org.gradle.tooling.internal.provider.GradleThreadBuildActionExecuter.execute(Lorg/gradle/internal/invocation/BuildAction;Lorg/gradle/initialization/BuildRequestContext;Lorg/gradle/launcher/exec/BuildActionParameters;Lorg/gradle/internal/service/ServiceRegistry;)Lorg/gradle/launcher/exec/BuildActionResult;+12
j  org.gradle.tooling.internal.provider.GradleThreadBuildActionExecuter.execute(Lorg/gradle/internal/invocation/BuildAction;Lorg/gradle/initialization/BuildRequestContext;Ljava/lang/Object;Lorg/gradle/internal/service/ServiceRegistry;)Lorg/gradle/launcher/exec/BuildActionResult;+9
j  org.gradle.tooling.internal.provider.ParallelismConfigurationBuildActionExecuter.execute(Lorg/gradle/internal/invocation/BuildAction;Lorg/gradle/initialization/BuildRequestContext;Lorg/gradle/launcher/exec/BuildActionParameters;Lorg/gradle/internal/service/ServiceRegistry;)Lorg/gradle/launcher/exec/BuildActionResult;+43
j  org.gradle.tooling.internal.provider.ParallelismConfigurationBuildActionExecuter.execute(Lorg/gradle/internal/invocation/BuildAction;Lorg/gradle/initialization/BuildRequestContext;Ljava/lang/Object;Lorg/gradle/internal/service/ServiceRegistry;)Lorg/gradle/launcher/exec/BuildActionResult;+9
j  org.gradle.tooling.internal.provider.StartParamsValidatingActionExecuter.execute(Lorg/gradle/internal/invocation/BuildAction;Lorg/gradle/initialization/BuildRequestContext;Lorg/gradle/launcher/exec/BuildActionParameters;Lorg/gradle/internal/service/ServiceRegistry;)Lorg/gradle/launcher/exec/BuildActionResult;+177
j  org.gradle.tooling.internal.provider.StartParamsValidatingActionExecuter.execute(Lorg/gradle/internal/invocation/BuildAction;Lorg/gradle/initialization/BuildRequestContext;Ljava/lang/Object;Lorg/gradle/internal/service/ServiceRegistry;)Lorg/gradle/launcher/exec/BuildActionResult;+9
j  org.gradle.tooling.internal.provider.SessionFailureReportingActionExecuter.execute(Lorg/gradle/internal/invocation/BuildAction;Lorg/gradle/initialization/BuildRequestContext;Lorg/gradle/launcher/exec/BuildActionParameters;Lorg/gradle/internal/service/ServiceRegistry;)Lorg/gradle/launcher/exec/BuildActionResult;+9
j  org.gradle.tooling.internal.provider.SessionFailureReportingActionExecuter.execute(Lorg/gradle/internal/invocation/BuildAction;Lorg/gradle/initialization/BuildRequestContext;Ljava/lang/Object;Lorg/gradle/internal/service/ServiceRegistry;)Lorg/gradle/launcher/exec/BuildActionResult;+9
j  org.gradle.tooling.internal.provider.SetupLoggingActionExecuter.execute(Lorg/gradle/internal/invocation/BuildAction;Lorg/gradle/initialization/BuildRequestContext;Lorg/gradle/launcher/exec/BuildActionParameters;Lorg/gradle/internal/service/ServiceRegistry;)Lorg/gradle/launcher/exec/BuildActionResult;+52
j  org.gradle.tooling.internal.provider.SetupLoggingActionExecuter.execute(Lorg/gradle/internal/invocation/BuildAction;Lorg/gradle/initialization/BuildRequestContext;Ljava/lang/Object;Lorg/gradle/internal/service/ServiceRegistry;)Lorg/gradle/launcher/exec/BuildActionResult;+9
j  org.gradle.launcher.daemon.server.exec.ExecuteBuild.doBuild(Lorg/gradle/launcher/daemon/server/api/DaemonCommandExecution;Lorg/gradle/launcher/daemon/protocol/Build;)V+118
j  org.gradle.launcher.daemon.server.exec.BuildCommandOnly.execute(Lorg/gradle/launcher/daemon/server/api/DaemonCommandExecution;)V+49
j  org.gradle.launcher.daemon.server.api.DaemonCommandExecution.proceed()Z+23
j  org.gradle.launcher.daemon.server.exec.WatchForDisconnection.execute(Lorg/gradle/launcher/daemon/server/api/DaemonCommandExecution;)V+19
j  org.gradle.launcher.daemon.server.api.DaemonCommandExecution.proceed()Z+23
j  org.gradle.launcher.daemon.server.exec.ResetDeprecationLogger.execute(Lorg/gradle/launcher/daemon/server/api/DaemonCommandExecution;)V+7
j  org.gradle.launcher.daemon.server.api.DaemonCommandExecution.proceed()Z+23
j  org.gradle.launcher.daemon.server.exec.RequestStopIfSingleUsedDaemon.execute(Lorg/gradle/launcher/daemon/server/api/DaemonCommandExecution;)V+33
j  org.gradle.launcher.daemon.server.api.DaemonCommandExecution.proceed()Z+23
j  org.gradle.launcher.daemon.server.exec.ForwardClientInput$2.create()Ljava/lang/Void;+4
j  org.gradle.launcher.daemon.server.exec.ForwardClientInput$2.create()Ljava/lang/Object;+1
j  org.gradle.util.Swapper.swap(Ljava/lang/Object;Lorg/gradle/internal/Factory;)Ljava/lang/Object;+21
j  org.gradle.launcher.daemon.server.exec.ForwardClientInput.execute(Lorg/gradle/launcher/daemon/server/api/DaemonCommandExecution;)V+63
j  org.gradle.launcher.daemon.server.api.DaemonCommandExecution.proceed()Z+23
j  org.gradle.launcher.daemon.server.exec.LogAndCheckHealth.execute(Lorg/gradle/launcher/daemon/server/api/DaemonCommandExecution;)V+28
j  org.gradle.launcher.daemon.server.api.DaemonCommandExecution.proceed()Z+23
j  org.gradle.launcher.daemon.server.exec.LogToClient.doBuild(Lorg/gradle/launcher/daemon/server/api/DaemonCommandExecution;Lorg/gradle/launcher/daemon/protocol/Build;)V+87
j  org.gradle.launcher.daemon.server.exec.BuildCommandOnly.execute(Lorg/gradle/launcher/daemon/server/api/DaemonCommandExecution;)V+49
j  org.gradle.launcher.daemon.server.api.DaemonCommandExecution.proceed()Z+23
j  org.gradle.launcher.daemon.server.exec.EstablishBuildEnvironment.doBuild(Lorg/gradle/launcher/daemon/server/api/DaemonCommandExecution;Lorg/gradle/launcher/daemon/protocol/Build;)V+351
j  org.gradle.launcher.daemon.server.exec.BuildCommandOnly.execute(Lorg/gradle/launcher/daemon/server/api/DaemonCommandExecution;)V+49
j  org.gradle.launcher.daemon.server.api.DaemonCommandExecution.proceed()Z+23
j  org.gradle.launcher.daemon.server.exec.StartBuildOrRespondWithBusy$1.run()V+44
j  org.gradle.launcher.daemon.server.DaemonStateCoordinator$1.run()V+4
j  org.gradle.internal.concurrent.ExecutorPolicy$CatchAndRecordFailures.onExecute(Ljava/lang/Runnable;)V+1
j  org.gradle.internal.concurrent.ManagedExecutorImpl$1.run()V+25
j  java.util.concurrent.ThreadPoolExecutor.runWorker(Ljava/util/concurrent/ThreadPoolExecutor$Worker;)V+95
j  java.util.concurrent.ThreadPoolExecutor$Worker.run()V+5
j  org.gradle.internal.concurrent.ThreadFactoryImpl$ManagedThreadRunnable.run()V+7
j  java.lang.Thread.run()V+11
v  ~StubRoutines::call_stub

---------------  P R O C E S S  ---------------

Java Threads: ( => current thread )
  0x000000001ceab800 JavaThread "Build operations Thread 8" [_thread_blocked, id=13500, stack(0x0000000022cd0000,0x0000000022dd0000)]
  0x000000001ceaa000 JavaThread "Build operations Thread 7" [_thread_blocked, id=8116, stack(0x0000000022bd0000,0x0000000022cd0000)]
  0x000000001cea2000 JavaThread "Build operations Thread 6" [_thread_blocked, id=8328, stack(0x0000000022ad0000,0x0000000022bd0000)]
  0x000000001cea9000 JavaThread "Build operations Thread 5" [_thread_blocked, id=9072, stack(0x00000000229d0000,0x0000000022ad0000)]
  0x000000001cea0800 JavaThread "Build operations Thread 4" [_thread_blocked, id=12540, stack(0x00000000228d0000,0x00000000229d0000)]
  0x000000001cea7800 JavaThread "Build operations Thread 3" [_thread_blocked, id=9100, stack(0x00000000227d0000,0x00000000228d0000)]
  0x000000001cea6000 JavaThread "Build operations Thread 2" [_thread_blocked, id=15528, stack(0x00000000222d0000,0x00000000223d0000)]
  0x000000001cea1800 JavaThread "Build operations" [_thread_blocked, id=1116, stack(0x00000000221d0000,0x00000000222d0000)]
  0x000000001cea3000 JavaThread "Cache worker for Build Output Cleanup Cache (E:\Source code\Git\VinhLong\VinhLong_ChatLuongNuoc\.gradle\buildOutputCleanup)" [_thread_blocked, id=13120, stack(0x0000000020400000,0x0000000020500000)]
  0x0000000017343000 JavaThread "Cache worker for execution history cache (C:\Users\Ngoc-Than Le\.gradle\caches\6.3\executionHistory)" [_thread_blocked, id=15928, stack(0x000000001fb00000,0x000000001fc00000)]
  0x0000000017341800 JavaThread "Cache worker for cache directory md-rule (C:\Users\Ngoc-Than Le\.gradle\caches\6.3\md-rule)" [_thread_blocked, id=18348, stack(0x000000001e5b0000,0x000000001e6b0000)]
  0x000000001733f800 JavaThread "Cache worker for cache directory md-supplier (C:\Users\Ngoc-Than Le\.gradle\caches\6.3\md-supplier)" [_thread_blocked, id=13824, stack(0x000000001e4b0000,0x000000001e5b0000)]
  0x0000000017341000 JavaThread "Cache worker for file hash cache (E:\Source code\Git\VinhLong\VinhLong_ChatLuongNuoc\.gradle\6.3\fileHashes)" [_thread_blocked, id=13832, stack(0x000000001fa00000,0x000000001fb00000)]
  0x000000001733e000 JavaThread "Cache worker for checksums cache (E:\Source code\Git\VinhLong\VinhLong_ChatLuongNuoc\.gradle\checksums)" [_thread_blocked, id=10672, stack(0x000000001e730000,0x000000001e830000)]
  0x0000000017340000 JavaThread "Cache worker for file hash cache (C:\Users\Ngoc-Than Le\.gradle\caches\6.3\fileHashes)" [_thread_blocked, id=7868, stack(0x000000001c010000,0x000000001c110000)]
  0x0000000017342800 JavaThread "File lock request listener" [_thread_in_native, id=7656, stack(0x000000001bf10000,0x000000001c010000)]
  0x0000000019f15000 JavaThread "Cache worker for journal cache (C:\Users\Ngoc-Than Le\.gradle\caches\journal-1)" [_thread_blocked, id=9176, stack(0x000000001be10000,0x000000001bf10000)]
  0x0000000018e19800 JavaThread "Thread-9" [_thread_blocked, id=18148, stack(0x000000001bb10000,0x000000001bc10000)]
  0x0000000018e14000 JavaThread "Stdin handler" [_thread_blocked, id=1364, stack(0x000000001ba10000,0x000000001bb10000)]
  0x0000000018e13000 JavaThread "Asynchronous log dispatcher for DefaultDaemonConnection: socket connection from /127.0.0.1:52695 to /127.0.0.1:52696" [_thread_blocked, id=18976, stack(0x000000001b910000,0x000000001ba10000)]
=>0x0000000019c79800 JavaThread "Daemon worker" [_thread_in_native, id=9388, stack(0x000000001b810000,0x000000001b910000)]
  0x0000000019b41800 JavaThread "Cancel handler" [_thread_blocked, id=13748, stack(0x000000001b710000,0x000000001b810000)]
  0x00000000199f8800 JavaThread "Handler for socket connection from /127.0.0.1:52695 to /127.0.0.1:52696" [_thread_in_native, id=15672, stack(0x000000001b410000,0x000000001b510000)]
  0x0000000019ae4800 JavaThread "Daemon" [_thread_blocked, id=1560, stack(0x000000001b310000,0x000000001b410000)]
  0x0000000019af9800 JavaThread "Daemon periodic checks" [_thread_blocked, id=6940, stack(0x000000001b210000,0x000000001b310000)]
  0x0000000019af5000 JavaThread "Incoming local TCP Connector on port 52695" [_thread_in_native, id=6528, stack(0x000000001afd0000,0x000000001b0d0000)]
  0x00000000199fb800 JavaThread "Daemon health stats" [_thread_blocked, id=18340, stack(0x000000001a990000,0x000000001aa90000)]
  0x000000001737c000 JavaThread "Service Thread" daemon [_thread_blocked, id=16996, stack(0x0000000017ff0000,0x00000000180f0000)]
  0x000000001733e800 JavaThread "C1 CompilerThread3" daemon [_thread_blocked, id=12508, stack(0x0000000017ef0000,0x0000000017ff0000)]
  0x000000001733a800 JavaThread "C2 CompilerThread2" daemon [_thread_blocked, id=3860, stack(0x0000000017df0000,0x0000000017ef0000)]
  0x000000001551e000 JavaThread "C2 CompilerThread1" daemon [_thread_in_native, id=17476, stack(0x0000000017cf0000,0x0000000017df0000)]
  0x0000000017325800 JavaThread "C2 CompilerThread0" daemon [_thread_in_native, id=14000, stack(0x0000000017bf0000,0x0000000017cf0000)]
  0x0000000017324800 JavaThread "Attach Listener" daemon [_thread_blocked, id=16392, stack(0x0000000017af0000,0x0000000017bf0000)]
  0x0000000017323000 JavaThread "Signal Dispatcher" daemon [_thread_blocked, id=17688, stack(0x00000000179f0000,0x0000000017af0000)]
  0x000000000292d800 JavaThread "Finalizer" daemon [_thread_blocked, id=15504, stack(0x00000000177f0000,0x00000000178f0000)]
  0x0000000017310800 JavaThread "Reference Handler" daemon [_thread_blocked, id=13040, stack(0x00000000176f0000,0x00000000177f0000)]
  0x00000000029ee800 JavaThread "main" [_thread_blocked, id=18584, stack(0x00000000026c0000,0x00000000027c0000)]

Other Threads:
  0x0000000015506800 VMThread [stack: 0x00000000171f0000,0x00000000172f0000] [id=13308]
  0x000000001737d000 WatcherThread [stack: 0x00000000180f0000,0x00000000181f0000] [id=11208]

VM state:not at safepoint (normal execution)

VM Mutex/Monitor currently owned by a thread: None

OutOfMemory and StackOverflow Exception counts:
OutOfMemoryError java_heap_errors=4

heap address: 0x00000000c0000000, size: 1024 MB, Compressed Oops mode: 32-bit
Narrow klass base: 0x0000000000000000, Narrow klass shift: 3
Compressed class space size: 1073741824 Address: 0x0000000100000000

Heap:
 PSYoungGen      total 213504K, used 102827K [0x00000000eab00000, 0x00000000fa300000, 0x0000000100000000)
  eden space 198144K, 45% used [0x00000000eab00000,0x00000000f03bc870,0x00000000f6c80000)
  from space 15360K, 77% used [0x00000000f6c80000,0x00000000f782e768,0x00000000f7b80000)
  to   space 19456K, 0% used [0x00000000f9000000,0x00000000f9000000,0x00000000fa300000)
 ParOldGen       total 94208K, used 19361K [0x00000000c0000000, 0x00000000c5c00000, 0x00000000eab00000)
  object space 94208K, 20% used [0x00000000c0000000,0x00000000c12e84f8,0x00000000c5c00000)
 Metaspace       used 48998K, capacity 50906K, committed 50992K, reserved 1093632K
  class space    used 6273K, capacity 6664K, committed 6704K, reserved 1048576K

Card table byte_map: [0x0000000011db0000,0x0000000011fc0000] byte_map_base: 0x00000000117b0000

Marking Bits: (ParMarkBitMap*) 0x000000006b44f030
 Begin Bits: [0x0000000012920000, 0x0000000013920000)
 End Bits:   [0x0000000013920000, 0x0000000014920000)

Polling page: 0x00000000027c0000

CodeCache: size=245760Kb used=24051Kb max_used=24063Kb free=221708Kb
 bounds [0x00000000029f0000, 0x0000000004190000, 0x00000000119f0000]
 total_blobs=7565 nmethods=6769 adapters=709
 compilation: enabled

Compilation events (10 events):
Event: 25.903 Thread 0x000000001733e800 7723       3       java.lang.invoke.InfoFromMemberName::getDeclaringClass (8 bytes)
Event: 25.903 Thread 0x000000001733e800 nmethod 7723 0x0000000004172510 code [0x0000000004172660, 0x0000000004172850]
Event: 25.904 Thread 0x000000001733e800 7725       3       org.gradle.internal.logging.text.AbstractStyledTextOutput::style (20 bytes)
Event: 25.904 Thread 0x000000001733e800 nmethod 7725 0x0000000004178a10 code [0x0000000004178b80, 0x0000000004178e08]
Event: 25.904 Thread 0x000000001733a800 7726       4       java.lang.StringBuilder::setLength (6 bytes)
Event: 25.904 Thread 0x0000000017325800 7727       4       org.gradle.internal.logging.text.AbstractLineChoppingStyledTextOutput$StateContext::hasChar (22 bytes)
Event: 25.904 Thread 0x000000001733e800 7728       3       org.gradle.internal.logging.console.StyledTextOutputBackedRenderer::onOutput (260 bytes)
Event: 25.905 Thread 0x000000001551e000 7729       4       org.gradle.internal.logging.text.AbstractLineChoppingStyledTextOutput::doAppend (43 bytes)
Event: 25.905 Thread 0x0000000017325800 nmethod 7727 0x0000000003e8c8d0 code [0x0000000003e8ca00, 0x0000000003e8ca78]
Event: 25.905 Thread 0x0000000017325800 7730       4       sun.nio.cs.SingleByte$Encoder::encodeArrayLoop (236 bytes)

GC Heap History (10 events):
Event: 11.155 GC heap before
{Heap before GC invocations=17 (full 2):
 PSYoungGen      total 186368K, used 183055K [0x00000000eab00000, 0x00000000f6c80000, 0x0000000100000000)
  eden space 175616K, 100% used [0x00000000eab00000,0x00000000f5680000,0x00000000f5680000)
  from space 10752K, 69% used [0x00000000f6200000,0x00000000f6943cd8,0x00000000f6c80000)
  to   space 11264K, 0% used [0x00000000f5680000,0x00000000f5680000,0x00000000f6180000)
 ParOldGen       total 94208K, used 15563K [0x00000000c0000000, 0x00000000c5c00000, 0x00000000eab00000)
  object space 94208K, 16% used [0x00000000c0000000,0x00000000c0f32f30,0x00000000c5c00000)
 Metaspace       used 42052K, capacity 43744K, committed 43952K, reserved 1087488K
  class space    used 5627K, capacity 6027K, committed 6064K, reserved 1048576K
Event: 11.165 GC heap after
Heap after GC invocations=17 (full 2):
 PSYoungGen      total 186880K, used 11251K [0x00000000eab00000, 0x00000000f8a80000, 0x0000000100000000)
  eden space 175616K, 0% used [0x00000000eab00000,0x00000000eab00000,0x00000000f5680000)
  from space 11264K, 99% used [0x00000000f5680000,0x00000000f617cfd8,0x00000000f6180000)
  to   space 13312K, 0% used [0x00000000f7d80000,0x00000000f7d80000,0x00000000f8a80000)
 ParOldGen       total 94208K, used 16278K [0x00000000c0000000, 0x00000000c5c00000, 0x00000000eab00000)
  object space 94208K, 17% used [0x00000000c0000000,0x00000000c0fe58d0,0x00000000c5c00000)
 Metaspace       used 42052K, capacity 43744K, committed 43952K, reserved 1087488K
  class space    used 5627K, capacity 6027K, committed 6064K, reserved 1048576K
}
Event: 20.240 GC heap before
{Heap before GC invocations=18 (full 2):
 PSYoungGen      total 186880K, used 186867K [0x00000000eab00000, 0x00000000f8a80000, 0x0000000100000000)
  eden space 175616K, 100% used [0x00000000eab00000,0x00000000f5680000,0x00000000f5680000)
  from space 11264K, 99% used [0x00000000f5680000,0x00000000f617cfd8,0x00000000f6180000)
  to   space 13312K, 0% used [0x00000000f7d80000,0x00000000f7d80000,0x00000000f8a80000)
 ParOldGen       total 94208K, used 16278K [0x00000000c0000000, 0x00000000c5c00000, 0x00000000eab00000)
  object space 94208K, 17% used [0x00000000c0000000,0x00000000c0fe58d0,0x00000000c5c00000)
 Metaspace       used 48797K, capacity 50704K, committed 50992K, reserved 1093632K
  class space    used 6256K, capacity 6663K, committed 6704K, reserved 1048576K
Event: 20.255 GC heap after
Heap after GC invocations=18 (full 2):
 PSYoungGen      total 211456K, used 13280K [0x00000000eab00000, 0x00000000f8a80000, 0x0000000100000000)
  eden space 198144K, 0% used [0x00000000eab00000,0x00000000eab00000,0x00000000f6c80000)
  from space 13312K, 99% used [0x00000000f7d80000,0x00000000f8a78158,0x00000000f8a80000)
  to   space 15360K, 0% used [0x00000000f6c80000,0x00000000f6c80000,0x00000000f7b80000)
 ParOldGen       total 94208K, used 17902K [0x00000000c0000000, 0x00000000c5c00000, 0x00000000eab00000)
  object space 94208K, 19% used [0x00000000c0000000,0x00000000c117b828,0x00000000c5c00000)
 Metaspace       used 48797K, capacity 50704K, committed 50992K, reserved 1093632K
  class space    used 6256K, capacity 6663K, committed 6704K, reserved 1048576K
}
Event: 22.377 GC heap before
{Heap before GC invocations=19 (full 2):
 PSYoungGen      total 211456K, used 211424K [0x00000000eab00000, 0x00000000f8a80000, 0x0000000100000000)
  eden space 198144K, 100% used [0x00000000eab00000,0x00000000f6c80000,0x00000000f6c80000)
  from space 13312K, 99% used [0x00000000f7d80000,0x00000000f8a78158,0x00000000f8a80000)
  to   space 15360K, 0% used [0x00000000f6c80000,0x00000000f6c80000,0x00000000f7b80000)
 ParOldGen       total 94208K, used 17902K [0x00000000c0000000, 0x00000000c5c00000, 0x00000000eab00000)
  object space 94208K, 19% used [0x00000000c0000000,0x00000000c117b828,0x00000000c5c00000)
 Metaspace       used 48883K, capacity 50832K, committed 50992K, reserved 1093632K
  class space    used 6257K, capacity 6663K, committed 6704K, reserved 1048576K
Event: 22.385 GC heap after
Heap after GC invocations=19 (full 2):
 PSYoungGen      total 213504K, used 12701K [0x00000000eab00000, 0x00000000f9d00000, 0x0000000100000000)
  eden space 198144K, 0% used [0x00000000eab00000,0x00000000eab00000,0x00000000f6c80000)
  from space 15360K, 82% used [0x00000000f6c80000,0x00000000f78e76f0,0x00000000f7b80000)
  to   space 16896K, 0% used [0x00000000f8c80000,0x00000000f8c80000,0x00000000f9d00000)
 ParOldGen       total 94208K, used 18106K [0x00000000c0000000, 0x00000000c5c00000, 0x00000000eab00000)
  object space 94208K, 19% used [0x00000000c0000000,0x00000000c11ae858,0x00000000c5c00000)
 Metaspace       used 48883K, capacity 50832K, committed 50992K, reserved 1093632K
  class space    used 6257K, capacity 6663K, committed 6704K, reserved 1048576K
}
Event: 23.986 GC heap before
{Heap before GC invocations=20 (full 2):
 PSYoungGen      total 213504K, used 210845K [0x00000000eab00000, 0x00000000f9d00000, 0x0000000100000000)
  eden space 198144K, 100% used [0x00000000eab00000,0x00000000f6c80000,0x00000000f6c80000)
  from space 15360K, 82% used [0x00000000f6c80000,0x00000000f78e76f0,0x00000000f7b80000)
  to   space 16896K, 0% used [0x00000000f8c80000,0x00000000f8c80000,0x00000000f9d00000)
 ParOldGen       total 94208K, used 18106K [0x00000000c0000000, 0x00000000c5c00000, 0x00000000eab00000)
  object space 94208K, 19% used [0x00000000c0000000,0x00000000c11ae858,0x00000000c5c00000)
 Metaspace       used 48884K, capacity 50832K, committed 50992K, reserved 1093632K
  class space    used 6257K, capacity 6663K, committed 6704K, reserved 1048576K
Event: 23.999 GC heap after
Heap after GC invocations=20 (full 2):
 PSYoungGen      total 215040K, used 16874K [0x00000000eab00000, 0x00000000f9d00000, 0x0000000100000000)
  eden space 198144K, 0% used [0x00000000eab00000,0x00000000eab00000,0x00000000f6c80000)
  from space 16896K, 99% used [0x00000000f8c80000,0x00000000f9cfaa10,0x00000000f9d00000)
  to   space 15360K, 0% used [0x00000000f6c80000,0x00000000f6c80000,0x00000000f7b80000)
 ParOldGen       total 94208K, used 18490K [0x00000000c0000000, 0x00000000c5c00000, 0x00000000eab00000)
  object space 94208K, 19% used [0x00000000c0000000,0x00000000c120e858,0x00000000c5c00000)
 Metaspace       used 48884K, capacity 50832K, committed 50992K, reserved 1093632K
  class space    used 6257K, capacity 6663K, committed 6704K, reserved 1048576K
}
Event: 25.213 GC heap before
{Heap before GC invocations=21 (full 2):
 PSYoungGen      total 215040K, used 215018K [0x00000000eab00000, 0x00000000f9d00000, 0x0000000100000000)
  eden space 198144K, 100% used [0x00000000eab00000,0x00000000f6c80000,0x00000000f6c80000)
  from space 16896K, 99% used [0x00000000f8c80000,0x00000000f9cfaa10,0x00000000f9d00000)
  to   space 15360K, 0% used [0x00000000f6c80000,0x00000000f6c80000,0x00000000f7b80000)
 ParOldGen       total 94208K, used 18490K [0x00000000c0000000, 0x00000000c5c00000, 0x00000000eab00000)
  object space 94208K, 19% used [0x00000000c0000000,0x00000000c120e858,0x00000000c5c00000)
 Metaspace       used 48885K, capacity 50832K, committed 50992K, reserved 1093632K
  class space    used 6257K, capacity 6663K, committed 6704K, reserved 1048576K
Event: 25.221 GC heap after
Heap after GC invocations=21 (full 2):
 PSYoungGen      total 213504K, used 11961K [0x00000000eab00000, 0x00000000fa300000, 0x0000000100000000)
  eden space 198144K, 0% used [0x00000000eab00000,0x00000000eab00000,0x00000000f6c80000)
  from space 15360K, 77% used [0x00000000f6c80000,0x00000000f782e768,0x00000000f7b80000)
  to   space 19456K, 0% used [0x00000000f9000000,0x00000000f9000000,0x00000000fa300000)
 ParOldGen       total 94208K, used 19361K [0x00000000c0000000, 0x00000000c5c00000, 0x00000000eab00000)
  object space 94208K, 20% used [0x00000000c0000000,0x00000000c12e84f8,0x00000000c5c00000)
 Metaspace       used 48885K, capacity 50832K, committed 50992K, reserved 1093632K
  class space    used 6257K, capacity 6663K, committed 6704K, reserved 1048576K
}

Deoptimization events (10 events):
Event: 25.339 Thread 0x0000000019c79800 Uncommon trap: reason=array_check action=maybe_recompile pc=0x0000000004167280 method=java.util.ComparableTimSort.reverseRange([Ljava/lang/Object;II)V @ 27
Event: 25.339 Thread 0x0000000019c79800 Uncommon trap: reason=array_check action=maybe_recompile pc=0x0000000004167280 method=java.util.ComparableTimSort.reverseRange([Ljava/lang/Object;II)V @ 27
Event: 25.845 Thread 0x0000000019c79800 Uncommon trap: reason=unstable_if action=reinterpret pc=0x0000000003809190 method=java.io.ByteArrayInputStream.read()I @ 8
Event: 25.859 Thread 0x0000000019c79800 Uncommon trap: reason=unstable_if action=reinterpret pc=0x0000000002d6ff2c method=java.util.jar.JarFile.match([C[B[I[I)Z @ 29
Event: 25.880 Thread 0x0000000019c79800 Uncommon trap: reason=class_check action=maybe_recompile pc=0x0000000002f7d180 method=java.lang.Throwable.<init>(Ljava/lang/String;Ljava/lang/Throwable;)V @ 24
Event: 25.881 Thread 0x0000000019c79800 Uncommon trap: reason=class_check action=maybe_recompile pc=0x0000000002f7d180 method=java.lang.Throwable.<init>(Ljava/lang/String;Ljava/lang/Throwable;)V @ 24
Event: 25.902 Thread 0x0000000019c79800 Uncommon trap: reason=class_check action=maybe_recompile pc=0x0000000002e76650 method=org.gradle.internal.logging.text.AbstractLineChoppingStyledTextOutput$StateContext.flushLineText()V @ 110
Event: 25.902 Thread 0x0000000019c79800 Uncommon trap: reason=class_check action=maybe_recompile pc=0x0000000002e76650 method=org.gradle.internal.logging.text.AbstractLineChoppingStyledTextOutput$StateContext.flushLineText()V @ 110
Event: 25.902 Thread 0x0000000019c79800 Uncommon trap: reason=class_check action=maybe_recompile pc=0x0000000002e76650 method=org.gradle.internal.logging.text.AbstractLineChoppingStyledTextOutput$StateContext.flushLineText()V @ 110
Event: 25.904 Thread 0x0000000019c79800 Uncommon trap: reason=class_check action=maybe_recompile pc=0x0000000002e76650 method=org.gradle.internal.logging.text.AbstractLineChoppingStyledTextOutput$StateContext.flushLineText()V @ 110

Classes redefined (0 events):
No events

Internal exceptions (10 events):
Event: 25.862 Thread 0x0000000019c79800 Exception <a 'java/security/PrivilegedActionException'> (0x00000000f0019f10) thrown at [C:\src\AOSP-openjdk-git\hotspot\src\share\vm\prims\jvm.cpp, line 1502]
Event: 25.862 Thread 0x0000000019c79800 Exception <a 'java/security/PrivilegedActionException'> (0x00000000f001ac90) thrown at [C:\src\AOSP-openjdk-git\hotspot\src\share\vm\prims\jvm.cpp, line 1502]
Event: 25.862 Thread 0x0000000019c79800 Exception <a 'java/security/PrivilegedActionException'> (0x00000000f001e810) thrown at [C:\src\AOSP-openjdk-git\hotspot\src\share\vm\prims\jvm.cpp, line 1502]
Event: 25.862 Thread 0x0000000019c79800 Exception <a 'java/security/PrivilegedActionException'> (0x00000000f001f590) thrown at [C:\src\AOSP-openjdk-git\hotspot\src\share\vm\prims\jvm.cpp, line 1502]
Event: 25.874 Thread 0x0000000019c79800 Exception <a 'java/security/PrivilegedActionException'> (0x00000000f00c1ac8) thrown at [C:\src\AOSP-openjdk-git\hotspot\src\share\vm\prims\jvm.cpp, line 1502]
Event: 25.874 Thread 0x0000000019c79800 Exception <a 'java/security/PrivilegedActionException'> (0x00000000f00c2848) thrown at [C:\src\AOSP-openjdk-git\hotspot\src\share\vm\prims\jvm.cpp, line 1502]
Event: 25.879 Thread 0x0000000019c79800 Exception <a 'java/lang/OutOfMemoryError'> (0x00000000f0100258) thrown at [C:\src\AOSP-openjdk-git\hotspot\src\share\vm\prims\jni.cpp, line 737]
Event: 25.879 Thread 0x0000000019c79800 Exception <a 'java/lang/OutOfMemoryError'> (0x00000000f0100258) thrown at [C:\src\AOSP-openjdk-git\hotspot\src\share\vm\prims\jvm.cpp, line 1506]
Event: 25.879 Thread 0x0000000019c79800 Exception <a 'java/lang/OutOfMemoryError'> (0x00000000f0100258) thrown at [C:\src\AOSP-openjdk-git\hotspot\src\share\vm\prims\jvm.cpp, line 1506]
Event: 25.879 Thread 0x0000000019c79800 Exception <a 'java/lang/OutOfMemoryError'> (0x00000000f0100258) thrown at [C:\src\AOSP-openjdk-git\hotspot\src\share\vm\prims\jvm.cpp, line 1506]

Events (10 events):
Event: 25.904 Thread 0x0000000019c79800 Uncommon trap: trap_request=0xffffffde fr.pc=0x0000000002e76650
Event: 25.904 Thread 0x0000000019c79800 DEOPT PACKING pc=0x0000000002e76650 sp=0x000000001b90d0f0
Event: 25.904 Thread 0x0000000019c79800 DEOPT UNPACKING pc=0x0000000002a3557b sp=0x000000001b90d068 mode 2
Event: 25.905 loading class org/gradle/internal/buildevents/BuildExceptionReporter$1
Event: 25.905 loading class org/gradle/internal/buildevents/BuildExceptionReporter$1 done
Event: 25.906 loading class java/lang/Throwable$WrappedPrintWriter
Event: 25.907 loading class java/lang/Throwable$PrintStreamOrWriter
Event: 25.907 loading class java/lang/Throwable$PrintStreamOrWriter done
Event: 25.907 loading class java/lang/Throwable$WrappedPrintWriter done
Event: 25.907 loading class java/util/IdentityHashMap$KeySet


Dynamic libraries:
0x00007ff7932b0000 - 0x00007ff7932e1000 	C:\Program Files\Android\Android Studio\jre\bin\java.exe
0x00007ffd23b30000 - 0x00007ffd23d25000 	C:\WINDOWS\SYSTEM32\ntdll.dll
0x00007ffd238e0000 - 0x00007ffd2399d000 	C:\WINDOWS\System32\KERNEL32.DLL
0x00007ffd21620000 - 0x00007ffd218e8000 	C:\WINDOWS\System32\KERNELBASE.dll
0x00007ffd21e50000 - 0x00007ffd21efc000 	C:\WINDOWS\System32\ADVAPI32.dll
0x00007ffd22540000 - 0x00007ffd225de000 	C:\WINDOWS\System32\msvcrt.dll
0x00007ffd239a0000 - 0x00007ffd23a3b000 	C:\WINDOWS\System32\sechost.dll
0x00007ffd225e0000 - 0x00007ffd2270b000 	C:\WINDOWS\System32\RPCRT4.dll
0x00007ffd22a70000 - 0x00007ffd22c10000 	C:\WINDOWS\System32\USER32.dll
0x00007ffd21480000 - 0x00007ffd214a2000 	C:\WINDOWS\System32\win32u.dll
0x00007ffd21b90000 - 0x00007ffd21bba000 	C:\WINDOWS\System32\GDI32.dll
0x00007ffd21510000 - 0x00007ffd2161b000 	C:\WINDOWS\System32\gdi32full.dll
0x00007ffd21af0000 - 0x00007ffd21b8d000 	C:\WINDOWS\System32\msvcp_win.dll
0x00007ffd21940000 - 0x00007ffd21a40000 	C:\WINDOWS\System32\ucrtbase.dll
0x00007ffd0eea0000 - 0x00007ffd0f13a000 	C:\WINDOWS\WinSxS\amd64_microsoft.windows.common-controls_6595b64144ccf1df_6.0.19041.844_none_ca00b6081b84eb1d\COMCTL32.dll
0x00007ffd21e20000 - 0x00007ffd21e50000 	C:\WINDOWS\System32\IMM32.DLL
0x000000006aba0000 - 0x000000006ac72000 	C:\Program Files\Android\Android Studio\jre\jre\bin\msvcr100.dll
0x000000006ac80000 - 0x000000006b4cb000 	C:\Program Files\Android\Android Studio\jre\jre\bin\server\jvm.dll
0x00007ffd23180000 - 0x00007ffd23188000 	C:\WINDOWS\System32\PSAPI.DLL
0x00007ffd15580000 - 0x00007ffd1558a000 	C:\WINDOWS\SYSTEM32\VERSION.dll
0x00007ffd099c0000 - 0x00007ffd099c9000 	C:\WINDOWS\SYSTEM32\WSOCK32.dll
0x00007ffd0f2f0000 - 0x00007ffd0f317000 	C:\WINDOWS\SYSTEM32\WINMM.dll
0x00007ffd22e20000 - 0x00007ffd22e8b000 	C:\WINDOWS\System32\WS2_32.dll
0x00007ffd1a5c0000 - 0x00007ffd1a5cf000 	C:\Program Files\Android\Android Studio\jre\jre\bin\verify.dll
0x00007ffd19a20000 - 0x00007ffd19a49000 	C:\Program Files\Android\Android Studio\jre\jre\bin\java.dll
0x00007ffd189f0000 - 0x00007ffd18a06000 	C:\Program Files\Android\Android Studio\jre\jre\bin\zip.dll
0x00007ffd23190000 - 0x00007ffd238d2000 	C:\WINDOWS\System32\SHELL32.dll
0x00007ffd1f3b0000 - 0x00007ffd1fb41000 	C:\WINDOWS\SYSTEM32\windows.storage.dll
0x00007ffd22710000 - 0x00007ffd22a65000 	C:\WINDOWS\System32\combase.dll
0x00007ffd20ce0000 - 0x00007ffd20d0c000 	C:\WINDOWS\SYSTEM32\Wldp.dll
0x00007ffd23040000 - 0x00007ffd230ee000 	C:\WINDOWS\System32\SHCORE.dll
0x00007ffd22460000 - 0x00007ffd224b5000 	C:\WINDOWS\System32\shlwapi.dll
0x00007ffd211b0000 - 0x00007ffd211cf000 	C:\WINDOWS\SYSTEM32\profapi.dll
0x00007ffd17f50000 - 0x00007ffd17f6a000 	C:\Program Files\Android\Android Studio\jre\jre\bin\net.dll
0x00007ffd20a50000 - 0x00007ffd20aba000 	C:\WINDOWS\system32\mswsock.dll
0x00007ffd17860000 - 0x00007ffd17873000 	C:\Program Files\Android\Android Studio\jre\jre\bin\nio.dll
0x00007ffd125f0000 - 0x00007ffd12617000 	C:\Users\Ngoc-Than Le\.gradle\native\c976cfcca226fdd4bee4412e95191dd41148b7504f9625baeda1d523bc39a967\windows-amd64\native-platform.dll
0x00007ffd17850000 - 0x00007ffd1785d000 	C:\Program Files\Android\Android Studio\jre\jre\bin\management.dll
0x00007ffd20c20000 - 0x00007ffd20c38000 	C:\WINDOWS\SYSTEM32\CRYPTSP.dll
0x00007ffd20380000 - 0x00007ffd203b4000 	C:\WINDOWS\system32\rsaenh.dll
0x00007ffd21a40000 - 0x00007ffd21a67000 	C:\WINDOWS\System32\bcrypt.dll
0x00007ffd21130000 - 0x00007ffd2115e000 	C:\WINDOWS\SYSTEM32\USERENV.dll
0x00007ffd21a70000 - 0x00007ffd21af0000 	C:\WINDOWS\System32\bcryptprimitives.dll
0x00007ffd20c40000 - 0x00007ffd20c4c000 	C:\WINDOWS\SYSTEM32\CRYPTBASE.dll
0x00007ffd206f0000 - 0x00007ffd2072b000 	C:\WINDOWS\SYSTEM32\IPHLPAPI.DLL
0x00007ffd21f00000 - 0x00007ffd21f08000 	C:\WINDOWS\System32\NSI.dll
0x00007ffd17980000 - 0x00007ffd17997000 	C:\WINDOWS\SYSTEM32\dhcpcsvc6.DLL
0x00007ffd19000000 - 0x00007ffd1901d000 	C:\WINDOWS\SYSTEM32\dhcpcsvc.DLL
0x00007ffd20740000 - 0x00007ffd2080c000 	C:\WINDOWS\SYSTEM32\DNSAPI.dll
0x00007ffd13510000 - 0x00007ffd13534000 	C:\Program Files\Android\Android Studio\jre\jre\bin\sunec.dll
0x000000006cf50000 - 0x000000006cf76000 	C:\Program Files\Bonjour\mdnsNSP.dll
0x00007ffd0c370000 - 0x00007ffd0c37a000 	C:\Windows\System32\rasadhlp.dll
0x00007ffd0f3c0000 - 0x00007ffd0f43f000 	C:\WINDOWS\System32\fwpuclnt.dll
0x00007ffd1cd40000 - 0x00007ffd1cd4b000 	C:\Program Files\Android\Android Studio\jre\jre\bin\sunmscapi.dll
0x00007ffd21270000 - 0x00007ffd213cf000 	C:\WINDOWS\System32\CRYPT32.dll

VM Arguments:
jvm_args: -Xmx1024m -Dfile.encoding=windows-1252 -Duser.country=US -Duser.language=en -Duser.variant 
java_command: org.gradle.launcher.daemon.bootstrap.GradleDaemon 6.3
java_class_path (initial): C:\Users\Ngoc-Than Le\.gradle\wrapper\dists\gradle-6.3-bin\8tpu6egwsccjzp10c1jckl0rx\gradle-6.3\lib\gradle-launcher-6.3.jar
Launcher Type: SUN_STANDARD

Environment Variables:
PATH=C:\VulkanSDK\1.0.39.1\Bin;C:\Python38\Scripts\;C:\Python38\;C:\WINDOWS\system32;C:\WINDOWS;C:\WINDOWS\System32\Wbem;C:\WINDOWS\System32\WindowsPowerShell\v1.0\;C:\WINDOWS\System32\OpenSSH\;D:\Git\cmd;D:\Microsoft SQL Server\120\DTS\Binn\;D:\Microsoft SQL Server\Client SDK\ODBC\110\Tools\Binn\;D:\Program Files (x86)\Microsoft SQL Server\120\Tools\Binn\;D:\Microsoft SQL Server\120\Tools\Binn\;D:\Program Files (x86)\Microsoft SQL Server\120\Tools\Binn\ManagementStudio\;D:\Program Files (x86)\Microsoft SQL Server\120\DTS\Binn\;D:\Microsoft SQL Server\130\Tools\Binn\;D:\Microsoft SQL Server\Client SDK\ODBC\170\Tools\Binn\;C:\Program Files\dotnet\;C:\Program Files\nodejs\;C:\ProgramData\chocolatey\bin;C:\Users\Ngoc-Than Le\AppData\Local\Microsoft\WindowsApps;;D:\Microsoft VS Code\bin;C:\Users\Ngoc-Than Le\AppData\Roaming\npm;C:\Users\Ngoc-Than Le\.dotnet\tools;D:\heroku\bin
USERNAME=Ngoc-Than Le
OS=Windows_NT
PROCESSOR_IDENTIFIER=Intel64 Family 6 Model 158 Stepping 9, GenuineIntel



---------------  S Y S T E M  ---------------

OS: Windows 10.0 , 64 bit Build 19041 (10.0.19041.804)

CPU:total 8 (initial active 8) (4 cores per cpu, 2 threads per core) family 6 model 158 stepping 9, cmov, cx8, fxsr, mmx, sse, sse2, sse3, ssse3, sse4.1, sse4.2, popcnt, avx, avx2, aes, clmul, erms, 3dnowpref, lzcnt, ht, tsc, tscinvbit, bmi1, bmi2, adx

Memory: 4k page, physical 8260772k(506800k free), swap 12455076k(3096k free)

vm_info: OpenJDK 64-Bit Server VM (25.242-b01) for windows-amd64 JRE (1.8.0_242-release-1644-b01), built by "builder" with MS VC++ 10.0 (VS2010)

time: Mon Apr 05 10:54:32 2021
timezone: SE Asia Standard Time
elapsed time: 25 seconds (0d 0h 0m 25s)

