#
# There is insufficient memory for the Java Runtime Environment to continue.
# Native memory allocation (malloc) failed to allocate 588736 bytes for Chunk::new
# Possible reasons:
#   The system is out of physical RAM or swap space
#   The process is running with CompressedOops enabled, and the Java Heap may be blocking the growth of the native heap
# Possible solutions:
#   Reduce memory load on the system
#   Increase physical memory or swap space
#   Check if swap backing store is full
#   Decrease Java heap size (-Xmx/-Xms)
#   Decrease number of Java threads
#   Decrease Java thread stack sizes (-Xss)
#   Set larger code cache with -XX:ReservedCodeCacheSize=
#   JVM is running with Unscaled Compressed Oops mode in which the Java heap is
#     placed in the first 4GB address space. The Java Heap base address is the
#     maximum limit for the native heap growth. Please use -XX:HeapBaseMinAddress
#     to set the Java Heap base and to place the Java Heap above 4GB virtual address.
# This output file may be truncated or incomplete.
#
#  Out of Memory Error (allocation.cpp:389), pid=19028, tid=0x00000000000046c0
#
# JRE version: OpenJDK Runtime Environment (8.0_242-b01) (build 1.8.0_242-release-1644-b01)
# Java VM: OpenJDK 64-Bit Server VM (25.242-b01 mixed mode windows-amd64 compressed oops)
# Failed to write core dump. Minidumps are not enabled by default on client versions of Windows
#

---------------  T H R E A D  ---------------

Current thread (0x0000000018473800):  JavaThread "C2 CompilerThread1" daemon [_thread_in_native, id=18112, stack(0x0000000018e40000,0x0000000018f40000)]

Stack: [0x0000000018e40000,0x0000000018f40000]
[error occurred during error reporting (printing stack bounds), id 0xc0000005]

Native frames: (J=compiled Java code, j=interpreted, Vv=VM code, C=native code)


Current CompileTask:
C2:2758754 16766 % !   4       com.android.ide.common.resources.DataMerger::mergeData @ 247 (611 bytes)


---------------  P R O C E S S  ---------------

Java Threads: ( => current thread )
  0x000000001ac68800 JavaThread "Cache worker for execution history cache (E:\Source code\Git\VinhLong\VinhLong_ChatLuongNuoc\.gradle\5.4.1\executionHistory)" [_thread_blocked, id=18776, stack(0x000000002ad10000,0x000000002ae10000)]
  0x0000000019f39000 JavaThread "Execution worker for ':' Thread 7" [_thread_blocked, id=10004, stack(0x000000002aa10000,0x000000002ab10000)]
  0x0000000019f38800 JavaThread "Execution worker for ':' Thread 6" [_thread_blocked, id=4652, stack(0x000000002a910000,0x000000002aa10000)]
  0x0000000019f37000 JavaThread "Execution worker for ':' Thread 5" [_thread_blocked, id=3352, stack(0x000000002a5f0000,0x000000002a6f0000)]
  0x0000000019f3b800 JavaThread "Execution worker for ':' Thread 4" [_thread_blocked, id=10196, stack(0x0000000029e00000,0x0000000029f00000)]
  0x000000002260d000 JavaThread "Execution worker for ':' Thread 3" [_thread_blocked, id=12324, stack(0x0000000029d00000,0x0000000029e00000)]
  0x000000002260b000 JavaThread "Execution worker for ':' Thread 2" [_thread_in_Java, id=6072, stack(0x0000000029c00000,0x0000000029d00000)]
  0x000000002260a000 JavaThread "Execution worker for ':'" [_thread_blocked, id=3656, stack(0x0000000028ac0000,0x0000000028bc0000)]
  0x000000002260b800 JavaThread "Cache worker for file content cache (E:\Source code\Git\VinhLong\VinhLong_ChatLuongNuoc\.gradle\5.4.1\fileContent)" [_thread_blocked, id=18012, stack(0x000000002a810000,0x000000002a910000)]
  0x000000002260e000 JavaThread "Cache worker for file content cache (C:\Users\Ngoc-Than Le\.gradle\caches\5.4.1\fileContent)" [_thread_blocked, id=3628, stack(0x000000002a710000,0x000000002a810000)]
  0x0000000022602000 JavaThread "Cache worker for Build Output Cleanup Cache (E:\Source code\Git\VinhLong\VinhLong_ChatLuongNuoc\.gradle\buildOutputCleanup)" [_thread_blocked, id=3648, stack(0x00000000289c0000,0x0000000028ac0000)]
  0x0000000022605000 JavaThread "Build operations Thread 8" [_thread_blocked, id=19128, stack(0x00000000276c0000,0x00000000277c0000)]
  0x0000000022608800 JavaThread "Build operations Thread 7" [_thread_blocked, id=11708, stack(0x00000000275c0000,0x00000000276c0000)]
  0x0000000022608000 JavaThread "Build operations Thread 6" [_thread_blocked, id=11528, stack(0x0000000025da0000,0x0000000025ea0000)]
  0x0000000022602800 JavaThread "Build operations Thread 5" [_thread_blocked, id=8936, stack(0x0000000024410000,0x0000000024510000)]
  0x0000000022601000 JavaThread "Build operations Thread 4" [_thread_blocked, id=7008, stack(0x0000000024310000,0x0000000024410000)]
  0x0000000022600800 JavaThread "Build operations Thread 3" [_thread_blocked, id=3092, stack(0x0000000024210000,0x0000000024310000)]
  0x0000000022607000 JavaThread "Build operations Thread 2" [_thread_blocked, id=12356, stack(0x000000001f900000,0x000000001fa00000)]
  0x0000000022603800 JavaThread "Build operations" [_thread_blocked, id=16268, stack(0x000000001f600000,0x000000001f700000)]
  0x00000000225ff800 JavaThread "Cache worker for cache directory md-rule (C:\Users\Ngoc-Than Le\.gradle\caches\5.4.1\md-rule)" [_thread_blocked, id=668, stack(0x000000001cc60000,0x000000001cd60000)]
  0x000000001f2c1800 JavaThread "Cache worker for cache directory md-supplier (C:\Users\Ngoc-Than Le\.gradle\caches\5.4.1\md-supplier)" [_thread_blocked, id=18172, stack(0x000000001cb60000,0x000000001cc60000)]
  0x000000001f2c8800 JavaThread "Cache worker for file hash cache (E:\Source code\Git\VinhLong\VinhLong_ChatLuongNuoc\.gradle\5.4.1\fileHashes)" [_thread_blocked, id=11916, stack(0x000000001ca60000,0x000000001cb60000)]
  0x000000001f2c3000 JavaThread "Thread-87" [_thread_blocked, id=18824, stack(0x000000001c960000,0x000000001ca60000)]
  0x000000001f2c2800 JavaThread "Stdin handler" [_thread_blocked, id=4244, stack(0x000000001c860000,0x000000001c960000)]
  0x000000001f2be000 JavaThread "Asynchronous log dispatcher for DefaultDaemonConnection: socket connection from /127.0.0.1:51186 to /127.0.0.1:51597" [_thread_blocked, id=4204, stack(0x000000001c560000,0x000000001c660000)]
  0x000000001f2c0000 JavaThread "Daemon worker Thread 4" [_thread_blocked, id=10236, stack(0x000000001c460000,0x000000001c560000)]
  0x000000001f2ba000 JavaThread "Cancel handler" [_thread_blocked, id=17824, stack(0x0000000000b20000,0x0000000000c20000)]
  0x000000001f2bd000 JavaThread "Handler for socket connection from /127.0.0.1:51186 to /127.0.0.1:51597" [_thread_in_native, id=4884, stack(0x0000000000a20000,0x0000000000b20000)]
  0x000000001f2bf800 JavaThread "Daemon Thread 4" [_thread_blocked, id=1332, stack(0x0000000000920000,0x0000000000a20000)]
  0x000000001f2c4000 JavaThread "Memory manager" [_thread_blocked, id=4284, stack(0x0000000024f10000,0x0000000025010000)]
  0x000000001f2be800 JavaThread "Cache worker for execution history cache (C:\Users\Ngoc-Than Le\.gradle\caches\5.4.1\executionHistory)" [_thread_blocked, id=14116, stack(0x0000000021040000,0x0000000021140000)]
  0x0000000019f3c000 JavaThread "Cache worker for journal cache (C:\Users\Ngoc-Than Le\.gradle\caches\journal-1)" [_thread_blocked, id=15196, stack(0x000000001cf60000,0x000000001d060000)]
  0x0000000019f3a800 JavaThread "File lock request listener" [_thread_in_native, id=1336, stack(0x000000001ce60000,0x000000001cf60000)]
  0x0000000019f3a000 JavaThread "Cache worker for file hash cache (C:\Users\Ngoc-Than Le\.gradle\caches\5.4.1\fileHashes)" [_thread_blocked, id=6304, stack(0x000000001cd60000,0x000000001ce60000)]
  0x000000001a34b000 JavaThread "Daemon periodic checks" [_thread_blocked, id=12528, stack(0x000000001c360000,0x000000001c460000)]
  0x000000001a34a800 JavaThread "Incoming local TCP Connector on port 51186" [_thread_in_native, id=15272, stack(0x000000001c120000,0x000000001c220000)]
  0x000000001a1fc000 JavaThread "Daemon health stats" [_thread_blocked, id=12108, stack(0x000000001bae0000,0x000000001bbe0000)]
  0x00000000184c2000 JavaThread "Service Thread" daemon [_thread_blocked, id=11212, stack(0x0000000019140000,0x0000000019240000)]
  0x0000000018480000 JavaThread "C1 CompilerThread3" daemon [_thread_blocked, id=18360, stack(0x0000000019040000,0x0000000019140000)]
  0x000000001847c000 JavaThread "C2 CompilerThread2" daemon [_thread_in_native, id=19220, stack(0x0000000018f40000,0x0000000019040000)]
=>0x0000000018473800 JavaThread "C2 CompilerThread1" daemon [_thread_in_native, id=18112, stack(0x0000000018e40000,0x0000000018f40000)]
  0x0000000018470800 JavaThread "C2 CompilerThread0" daemon [_thread_in_native, id=5028, stack(0x0000000018d40000,0x0000000018e40000)]
  0x000000001846f800 JavaThread "Attach Listener" daemon [_thread_blocked, id=2800, stack(0x0000000018c40000,0x0000000018d40000)]
  0x000000001664e800 JavaThread "Signal Dispatcher" daemon [_thread_blocked, id=6608, stack(0x0000000018b40000,0x0000000018c40000)]
  0x0000000018461800 JavaThread "Finalizer" daemon [_thread_blocked, id=9660, stack(0x0000000018940000,0x0000000018a40000)]
  0x0000000018460800 JavaThread "Reference Handler" daemon [_thread_blocked, id=7516, stack(0x0000000018840000,0x0000000018940000)]
  0x00000000025de800 JavaThread "main" [_thread_blocked, id=9192, stack(0x0000000002680000,0x0000000002780000)]

Other Threads:
  0x0000000016636800 VMThread [stack: 0x0000000018340000,0x0000000018440000] [id=10744]
  0x00000000184c7000 WatcherThread [stack: 0x0000000019240000,0x0000000019340000] [id=14156]

VM state:not at safepoint (normal execution)

VM Mutex/Monitor currently owned by a thread: None

heap address: 0x00000000a0000000, size: 1536 MB, Compressed Oops mode: 32-bit
Narrow klass base: 0x0000000000000000, Narrow klass shift: 3
Compressed class space size: 1073741824 Address: 0x0000000100000000

Heap:
 PSYoungGen      total 323584K, used 21642K [0x00000000e0000000, 0x0000000100000000, 0x0000000100000000)
  eden space 238592K, 9% used [0x00000000e0000000,0x00000000e15228c8,0x00000000ee900000)
  from space 84992K, 0% used [0x00000000f6e00000,0x00000000f6e00000,0x00000000fc100000)
  to   space 136192K, 0% used [0x00000000ee900000,0x00000000ee900000,0x00000000f6e00000)
 ParOldGen       total 385024K, used 298515K [0x00000000a0000000, 0x00000000b7800000, 0x00000000e0000000)
  object space 385024K, 77% used [0x00000000a0000000,0x00000000b2384d58,0x00000000b7800000)
 Metaspace       used 90225K, capacity 92872K, committed 98200K, reserved 1134592K
  class space    used 11430K, capacity 12035K, committed 12968K, reserved 1048576K

Card table byte_map: [0x0000000011c40000,0x0000000011f50000] byte_map_base: 0x0000000011740000

Marking Bits: (ParMarkBitMap*) 0x000000006b44f030
 Begin Bits: [0x0000000012950000, 0x0000000014150000)
 End Bits:   [0x0000000014150000, 0x0000000015950000)

Polling page: 0x0000000000d20000

CodeCache: size=245760Kb used=49600Kb max_used=49612Kb free=196159Kb
 bounds [0x0000000002880000, 0x0000000005930000, 0x0000000011880000]
 total_blobs=14941 nmethods=14051 adapters=802
 compilation: enabled

Compilation events (10 events):
Event: 2758.700 Thread 0x0000000018480000 16765 % !   3       com.android.ide.common.resources.DataMerger::mergeData @ 247 (611 bytes)
Event: 2758.703 Thread 0x0000000018480000 nmethod 16765% 0x000000000591f8d0 code [0x000000000591fe00, 0x0000000005923aa8]
Event: 2758.703 Thread 0x0000000018473800 16766 % !   4       com.android.ide.common.resources.DataMerger::mergeData @ 247 (611 bytes)
Event: 2758.703 Thread 0x0000000018470800 16767       4       com.google.common.collect.ArrayListMultimap::put (7 bytes)
Event: 2758.727 Thread 0x0000000018470800 nmethod 16767 0x00000000059286d0 code [0x00000000059288e0, 0x0000000005929c38]
Event: 2758.727 Thread 0x0000000018470800 16768       4       com.android.ide.common.resources.configuration.FolderConfiguration::getQualifierString (114 bytes)
Event: 2758.741 Thread 0x0000000018470800 nmethod 16768 0x000000000592b210 code [0x000000000592b3c0, 0x000000000592bf28]
Event: 2758.741 Thread 0x0000000018470800 16770       4       com.android.ide.common.resources.ResourceMerger::requiresMerge (29 bytes)
Event: 2758.745 Thread 0x0000000018470800 nmethod 16770 0x0000000005917850 code [0x00000000059179a0, 0x0000000005917c78]
Event: 2758.745 Thread 0x0000000018470800 16771   !   4       java.util.AbstractSequentialList::get (39 bytes)

GC Heap History (10 events):
Event: 310.619 GC heap before
{Heap before GC invocations=37 (full 10):
 PSYoungGen      total 289280K, used 289262K [0x00000000e0000000, 0x00000000f4280000, 0x0000000100000000)
  eden space 265728K, 100% used [0x00000000e0000000,0x00000000f0380000,0x00000000f0380000)
  from space 23552K, 99% used [0x00000000f2180000,0x00000000f387b9b8,0x00000000f3880000)
  to   space 30720K, 0% used [0x00000000f0380000,0x00000000f0380000,0x00000000f2180000)
 ParOldGen       total 385024K, used 66131K [0x00000000a0000000, 0x00000000b7800000, 0x00000000e0000000)
  object space 385024K, 17% used [0x00000000a0000000,0x00000000a4094c08,0x00000000b7800000)
 Metaspace       used 87100K, capacity 90822K, committed 91032K, reserved 1128448K
  class space    used 11239K, capacity 12083K, committed 12200K, reserved 1048576K
Event: 310.642 GC heap after
Heap after GC invocations=37 (full 10):
 PSYoungGen      total 296448K, used 26667K [0x00000000e0000000, 0x00000000f5600000, 0x0000000100000000)
  eden space 265728K, 0% used [0x00000000e0000000,0x00000000e0000000,0x00000000f0380000)
  from space 30720K, 86% used [0x00000000f0380000,0x00000000f1d8ac18,0x00000000f2180000)
  to   space 34304K, 0% used [0x00000000f3480000,0x00000000f3480000,0x00000000f5600000)
 ParOldGen       total 385024K, used 66139K [0x00000000a0000000, 0x00000000b7800000, 0x00000000e0000000)
  object space 385024K, 17% used [0x00000000a0000000,0x00000000a4096c08,0x00000000b7800000)
 Metaspace       used 87100K, capacity 90822K, committed 91032K, reserved 1128448K
  class space    used 11239K, capacity 12083K, committed 12200K, reserved 1048576K
}
Event: 2752.290 GC heap before
{Heap before GC invocations=38 (full 10):
 PSYoungGen      total 296448K, used 292395K [0x00000000e0000000, 0x00000000f5600000, 0x0000000100000000)
  eden space 265728K, 100% used [0x00000000e0000000,0x00000000f0380000,0x00000000f0380000)
  from space 30720K, 86% used [0x00000000f0380000,0x00000000f1d8ac18,0x00000000f2180000)
  to   space 34304K, 0% used [0x00000000f3480000,0x00000000f3480000,0x00000000f5600000)
 ParOldGen       total 385024K, used 66139K [0x00000000a0000000, 0x00000000b7800000, 0x00000000e0000000)
  object space 385024K, 17% used [0x00000000a0000000,0x00000000a4096c08,0x00000000b7800000)
 Metaspace       used 89016K, capacity 92946K, committed 93208K, reserved 1130496K
  class space    used 11452K, capacity 12311K, committed 12328K, reserved 1048576K
Event: 2752.361 GC heap after
Heap after GC invocations=38 (full 10):
 PSYoungGen      total 306688K, used 34277K [0x00000000e0000000, 0x00000000f6480000, 0x0000000100000000)
  eden space 272384K, 0% used [0x00000000e0000000,0x00000000e0000000,0x00000000f0a00000)
  from space 34304K, 99% used [0x00000000f3480000,0x00000000f55f9628,0x00000000f5600000)
  to   space 43520K, 0% used [0x00000000f0a00000,0x00000000f0a00000,0x00000000f3480000)
 ParOldGen       total 385024K, used 76654K [0x00000000a0000000, 0x00000000b7800000, 0x00000000e0000000)
  object space 385024K, 19% used [0x00000000a0000000,0x00000000a4adba90,0x00000000b7800000)
 Metaspace       used 89016K, capacity 92946K, committed 93208K, reserved 1130496K
  class space    used 11452K, capacity 12311K, committed 12328K, reserved 1048576K
}
Event: 2756.093 GC heap before
{Heap before GC invocations=39 (full 10):
 PSYoungGen      total 306688K, used 306661K [0x00000000e0000000, 0x00000000f6480000, 0x0000000100000000)
  eden space 272384K, 100% used [0x00000000e0000000,0x00000000f0a00000,0x00000000f0a00000)
  from space 34304K, 99% used [0x00000000f3480000,0x00000000f55f9628,0x00000000f5600000)
  to   space 43520K, 0% used [0x00000000f0a00000,0x00000000f0a00000,0x00000000f3480000)
 ParOldGen       total 385024K, used 76654K [0x00000000a0000000, 0x00000000b7800000, 0x00000000e0000000)
  object space 385024K, 19% used [0x00000000a0000000,0x00000000a4adba90,0x00000000b7800000)
 Metaspace       used 93655K, capacity 97776K, committed 98200K, reserved 1134592K
  class space    used 11978K, capacity 12886K, committed 12968K, reserved 1048576K
Event: 2756.360 GC heap after
Heap after GC invocations=39 (full 10):
 PSYoungGen      total 315904K, used 43506K [0x00000000e0000000, 0x00000000fc100000, 0x0000000100000000)
  eden space 272384K, 0% used [0x00000000e0000000,0x00000000e0000000,0x00000000f0a00000)
  from space 43520K, 99% used [0x00000000f0a00000,0x00000000f347caf0,0x00000000f3480000)
  to   space 84992K, 0% used [0x00000000f6e00000,0x00000000f6e00000,0x00000000fc100000)
 ParOldGen       total 385024K, used 169060K [0x00000000a0000000, 0x00000000b7800000, 0x00000000e0000000)
  object space 385024K, 43% used [0x00000000a0000000,0x00000000aa519048,0x00000000b7800000)
 Metaspace       used 93655K, capacity 97776K, committed 98200K, reserved 1134592K
  class space    used 11978K, capacity 12886K, committed 12968K, reserved 1048576K
}
Event: 2757.420 GC heap before
{Heap before GC invocations=40 (full 10):
 PSYoungGen      total 315904K, used 315890K [0x00000000e0000000, 0x00000000fc100000, 0x0000000100000000)
  eden space 272384K, 100% used [0x00000000e0000000,0x00000000f0a00000,0x00000000f0a00000)
  from space 43520K, 99% used [0x00000000f0a00000,0x00000000f347caf0,0x00000000f3480000)
  to   space 84992K, 0% used [0x00000000f6e00000,0x00000000f6e00000,0x00000000fc100000)
 ParOldGen       total 385024K, used 169060K [0x00000000a0000000, 0x00000000b7800000, 0x00000000e0000000)
  object space 385024K, 43% used [0x00000000a0000000,0x00000000aa519048,0x00000000b7800000)
 Metaspace       used 93804K, capacity 97846K, committed 98200K, reserved 1134592K
  class space    used 11993K, capacity 12887K, committed 12968K, reserved 1048576K
Event: 2757.768 GC heap after
Heap after GC invocations=40 (full 10):
 PSYoungGen      total 323584K, used 84960K [0x00000000e0000000, 0x0000000100000000, 0x0000000100000000)
  eden space 238592K, 0% used [0x00000000e0000000,0x00000000e0000000,0x00000000ee900000)
  from space 84992K, 99% used [0x00000000f6e00000,0x00000000fc0f81d0,0x00000000fc100000)
  to   space 136192K, 0% used [0x00000000ee900000,0x00000000ee900000,0x00000000f6e00000)
 ParOldGen       total 385024K, used 266575K [0x00000000a0000000, 0x00000000b7800000, 0x00000000e0000000)
  object space 385024K, 69% used [0x00000000a0000000,0x00000000b0453d78,0x00000000b7800000)
 Metaspace       used 93804K, capacity 97846K, committed 98200K, reserved 1134592K
  class space    used 11993K, capacity 12887K, committed 12968K, reserved 1048576K
}
Event: 2757.771 GC heap before
{Heap before GC invocations=41 (full 11):
 PSYoungGen      total 323584K, used 84960K [0x00000000e0000000, 0x0000000100000000, 0x0000000100000000)
  eden space 238592K, 0% used [0x00000000e0000000,0x00000000e0000000,0x00000000ee900000)
  from space 84992K, 99% used [0x00000000f6e00000,0x00000000fc0f81d0,0x00000000fc100000)
  to   space 136192K, 0% used [0x00000000ee900000,0x00000000ee900000,0x00000000f6e00000)
 ParOldGen       total 385024K, used 266575K [0x00000000a0000000, 0x00000000b7800000, 0x00000000e0000000)
  object space 385024K, 69% used [0x00000000a0000000,0x00000000b0453d78,0x00000000b7800000)
 Metaspace       used 93804K, capacity 97846K, committed 98200K, reserved 1134592K
  class space    used 11993K, capacity 12887K, committed 12968K, reserved 1048576K
Event: 2758.657 GC heap after
Heap after GC invocations=41 (full 11):
 PSYoungGen      total 323584K, used 0K [0x00000000e0000000, 0x0000000100000000, 0x0000000100000000)
  eden space 238592K, 0% used [0x00000000e0000000,0x00000000e0000000,0x00000000ee900000)
  from space 84992K, 0% used [0x00000000f6e00000,0x00000000f6e00000,0x00000000fc100000)
  to   space 136192K, 0% used [0x00000000ee900000,0x00000000ee900000,0x00000000f6e00000)
 ParOldGen       total 385024K, used 298515K [0x00000000a0000000, 0x00000000b7800000, 0x00000000e0000000)
  object space 385024K, 77% used [0x00000000a0000000,0x00000000b2384d58,0x00000000b7800000)
 Metaspace       used 90194K, capacity 92808K, committed 98200K, reserved 1134592K
  class space    used 11430K, capacity 12035K, committed 12968K, reserved 1048576K
}

Deoptimization events (10 events):
Event: 2757.026 Thread 0x000000002260b000 Uncommon trap: reason=predicate action=maybe_recompile pc=0x0000000005751624 method=com.sun.org.apache.xerces.internal.dom.NamedNodeMapImpl.findNamePoint(Ljava/lang/String;Ljava/lang/String;)I @ 34
Event: 2757.026 Thread 0x000000002260b000 Uncommon trap: reason=unstable_if action=reinterpret pc=0x00000000053bdcc4 method=com.sun.org.apache.xerces.internal.impl.XMLEntityScanner.scanQName(Lcom/sun/org/apache/xerces/internal/xni/QName;Lcom/sun/org/apache/xerces/internal/impl/XMLScanner$NameType
Event: 2757.069 Thread 0x000000002260b000 Uncommon trap: reason=unstable_if action=reinterpret pc=0x000000000539c810 method=com.sun.org.apache.xerces.internal.impl.XMLNSDocumentScannerImpl.scanStartElement()Z @ 694
Event: 2757.256 Thread 0x000000002260b000 Uncommon trap: reason=unstable_if action=reinterpret pc=0x00000000058765e0 method=com.android.utils.PositionXmlParser$DomBuilder.getCurrentPosition()Lcom/android/utils/PositionXmlParser$Position; @ 65
Event: 2757.256 Thread 0x000000002260b000 Uncommon trap: reason=unstable_if action=reinterpret pc=0x00000000057e3364 method=com.android.utils.PositionXmlParser$DomBuilder.getCurrentPosition()Lcom/android/utils/PositionXmlParser$Position; @ 65
Event: 2757.256 Thread 0x000000002260b000 Uncommon trap: reason=unstable_if action=reinterpret pc=0x0000000005834800 method=com.android.utils.PositionXmlParser$DomBuilder.getCurrentPosition()Lcom/android/utils/PositionXmlParser$Position; @ 65
Event: 2757.262 Thread 0x000000002260b000 Uncommon trap: reason=unstable_if action=reinterpret pc=0x000000000532f280 method=com.sun.org.apache.xerces.internal.impl.XMLEntityScanner.skipString(Ljava/lang/String;)Z @ 59
Event: 2757.262 Thread 0x000000002260b000 Uncommon trap: reason=unstable_if action=reinterpret pc=0x000000000577eb14 method=com.android.utils.PositionXmlParser$DomBuilder.findOpeningTag(Lcom/android/utils/PositionXmlParser$Position;)Lcom/android/utils/PositionXmlParser$Position; @ 81
Event: 2757.269 Thread 0x000000002260b000 Uncommon trap: reason=null_check action=make_not_entrant pc=0x00000000058b88ec method=com.sun.org.apache.xerces.internal.dom.NamedNodeMapImpl.findNamePoint(Ljava/lang/String;Ljava/lang/String;)I @ 105
Event: 2757.402 Thread 0x000000002260b000 Uncommon trap: reason=unstable_if action=reinterpret pc=0x000000000545a654 method=com.android.ide.common.resources.configuration.FolderConfiguration.getQualifierString()Ljava/lang/String; @ 94

Classes redefined (0 events):
No events

Internal exceptions (10 events):
Event: 2754.311 Thread 0x000000002260b000 Implicit null exception at 0x0000000002e024af to 0x0000000002e02ab9
Event: 2754.383 Thread 0x000000002260b000 Implicit null exception at 0x0000000004516d04 to 0x00000000045192ed
Event: 2754.855 Thread 0x000000002260b000 Implicit null exception at 0x00000000055963d8 to 0x000000000559650d
Event: 2754.990 Thread 0x000000002260b000 Implicit null exception at 0x0000000002effc1b to 0x0000000002effe8d
Event: 2755.358 Thread 0x000000002260b000 Exception <a 'sun/nio/fs/WindowsException'> (0x00000000ebc47be8) thrown at [C:\src\AOSP-openjdk-git\hotspot\src\share\vm\prims\jni.cpp, line 710]
Event: 2755.359 Thread 0x000000002260b000 Exception <a 'sun/nio/fs/WindowsException'> (0x00000000ebc4e498) thrown at [C:\src\AOSP-openjdk-git\hotspot\src\share\vm\prims\jni.cpp, line 710]
Event: 2755.387 Thread 0x000000002260b000 Exception <a 'sun/nio/fs/WindowsException'> (0x00000000ebc54d10) thrown at [C:\src\AOSP-openjdk-git\hotspot\src\share\vm\prims\jni.cpp, line 710]
Event: 2755.583 Thread 0x000000002260b000 Implicit null exception at 0x00000000056f882d to 0x00000000056f8e9a
Event: 2757.269 Thread 0x000000002260b000 Implicit null exception at 0x00000000058b78b2 to 0x00000000058b88c9
Event: 2757.402 Thread 0x000000002260b000 Implicit null exception at 0x000000000545a074 to 0x000000000545a648

Events (10 events):
Event: 2757.420 Executing VM operation: ParallelGCFailedAllocation
Event: 2758.657 Executing VM operation: ParallelGCFailedAllocation done
Event: 2758.658 Executing VM operation: RevokeBias
Event: 2758.658 Executing VM operation: RevokeBias done
Event: 2758.658 Executing VM operation: RevokeBias
Event: 2758.658 Executing VM operation: RevokeBias done
Event: 2758.658 Executing VM operation: BulkRevokeBias
Event: 2758.659 Executing VM operation: BulkRevokeBias done
Event: 2758.689 loading class com/android/ide/common/resources/CompileResourceRequest
Event: 2758.689 loading class com/android/ide/common/resources/CompileResourceRequest done


Dynamic libraries:
0x00007ff7932b0000 - 0x00007ff7932e1000 	C:\Program Files\Android\Android Studio\jre\bin\java.exe
0x00007ffd23b30000 - 0x00007ffd23d25000 	C:\WINDOWS\SYSTEM32\ntdll.dll
0x00007ffd238e0000 - 0x00007ffd2399d000 	C:\WINDOWS\System32\KERNEL32.DLL
0x00007ffd21620000 - 0x00007ffd218e8000 	C:\WINDOWS\System32\KERNELBASE.dll
0x00007ffd21e50000 - 0x00007ffd21efc000 	C:\WINDOWS\System32\ADVAPI32.dll
0x00007ffd22540000 - 0x00007ffd225de000 	C:\WINDOWS\System32\msvcrt.dll
0x00007ffd239a0000 - 0x00007ffd23a3b000 	C:\WINDOWS\System32\sechost.dll
0x00007ffd225e0000 - 0x00007ffd2270b000 	C:\WINDOWS\System32\RPCRT4.dll
0x00007ffd22a70000 - 0x00007ffd22c10000 	C:\WINDOWS\System32\USER32.dll
0x00007ffd21480000 - 0x00007ffd214a2000 	C:\WINDOWS\System32\win32u.dll
0x00007ffd21b90000 - 0x00007ffd21bba000 	C:\WINDOWS\System32\GDI32.dll
0x00007ffd21510000 - 0x00007ffd2161b000 	C:\WINDOWS\System32\gdi32full.dll
0x00007ffd21af0000 - 0x00007ffd21b8d000 	C:\WINDOWS\System32\msvcp_win.dll
0x00007ffd21940000 - 0x00007ffd21a40000 	C:\WINDOWS\System32\ucrtbase.dll
0x00007ffd0eea0000 - 0x00007ffd0f13a000 	C:\WINDOWS\WinSxS\amd64_microsoft.windows.common-controls_6595b64144ccf1df_6.0.19041.844_none_ca00b6081b84eb1d\COMCTL32.dll
0x00007ffd21e20000 - 0x00007ffd21e50000 	C:\WINDOWS\System32\IMM32.DLL
0x000000006aba0000 - 0x000000006ac72000 	C:\Program Files\Android\Android Studio\jre\jre\bin\msvcr100.dll
0x000000006ac80000 - 0x000000006b4cb000 	C:\Program Files\Android\Android Studio\jre\jre\bin\server\jvm.dll
0x00007ffd23180000 - 0x00007ffd23188000 	C:\WINDOWS\System32\PSAPI.DLL
0x00007ffd15580000 - 0x00007ffd1558a000 	C:\WINDOWS\SYSTEM32\VERSION.dll
0x00007ffd0f2f0000 - 0x00007ffd0f317000 	C:\WINDOWS\SYSTEM32\WINMM.dll
0x00007ffd099c0000 - 0x00007ffd099c9000 	C:\WINDOWS\SYSTEM32\WSOCK32.dll
0x00007ffd22e20000 - 0x00007ffd22e8b000 	C:\WINDOWS\System32\WS2_32.dll
0x00007ffd1a5c0000 - 0x00007ffd1a5cf000 	C:\Program Files\Android\Android Studio\jre\jre\bin\verify.dll
0x00007ffd19a20000 - 0x00007ffd19a49000 	C:\Program Files\Android\Android Studio\jre\jre\bin\java.dll
0x00007ffd189f0000 - 0x00007ffd18a06000 	C:\Program Files\Android\Android Studio\jre\jre\bin\zip.dll
0x00007ffd23190000 - 0x00007ffd238d2000 	C:\WINDOWS\System32\SHELL32.dll
0x00007ffd1f3b0000 - 0x00007ffd1fb41000 	C:\WINDOWS\SYSTEM32\windows.storage.dll
0x00007ffd22710000 - 0x00007ffd22a65000 	C:\WINDOWS\System32\combase.dll
0x00007ffd20ce0000 - 0x00007ffd20d0c000 	C:\WINDOWS\SYSTEM32\Wldp.dll
0x00007ffd23040000 - 0x00007ffd230ee000 	C:\WINDOWS\System32\SHCORE.dll
0x00007ffd22460000 - 0x00007ffd224b5000 	C:\WINDOWS\System32\shlwapi.dll
0x00007ffd211b0000 - 0x00007ffd211cf000 	C:\WINDOWS\SYSTEM32\profapi.dll
0x00007ffd17f50000 - 0x00007ffd17f6a000 	C:\Program Files\Android\Android Studio\jre\jre\bin\net.dll
0x00007ffd20a50000 - 0x00007ffd20aba000 	C:\WINDOWS\system32\mswsock.dll
0x00007ffd17860000 - 0x00007ffd17873000 	C:\Program Files\Android\Android Studio\jre\jre\bin\nio.dll
0x00007ffd1a5f0000 - 0x00007ffd1a616000 	C:\Users\Ngoc-Than Le\.gradle\native\29\windows-amd64\native-platform.dll
0x00007ffd17850000 - 0x00007ffd1785d000 	C:\Program Files\Android\Android Studio\jre\jre\bin\management.dll
0x00007ffd20c20000 - 0x00007ffd20c38000 	C:\WINDOWS\SYSTEM32\CRYPTSP.dll
0x00007ffd20380000 - 0x00007ffd203b4000 	C:\WINDOWS\system32\rsaenh.dll
0x00007ffd21a40000 - 0x00007ffd21a67000 	C:\WINDOWS\System32\bcrypt.dll
0x00007ffd21130000 - 0x00007ffd2115e000 	C:\WINDOWS\SYSTEM32\USERENV.dll
0x00007ffd21a70000 - 0x00007ffd21af0000 	C:\WINDOWS\System32\bcryptprimitives.dll
0x00007ffd20c40000 - 0x00007ffd20c4c000 	C:\WINDOWS\SYSTEM32\CRYPTBASE.dll
0x00007ffd206f0000 - 0x00007ffd2072b000 	C:\WINDOWS\SYSTEM32\IPHLPAPI.DLL
0x00007ffd21f00000 - 0x00007ffd21f08000 	C:\WINDOWS\System32\NSI.dll
0x00007ffd17980000 - 0x00007ffd17997000 	C:\WINDOWS\SYSTEM32\dhcpcsvc6.DLL
0x00007ffd19000000 - 0x00007ffd1901d000 	C:\WINDOWS\SYSTEM32\dhcpcsvc.DLL
0x00007ffd20740000 - 0x00007ffd2080c000 	C:\WINDOWS\SYSTEM32\DNSAPI.dll
0x00007ffd13510000 - 0x00007ffd13534000 	C:\Program Files\Android\Android Studio\jre\jre\bin\sunec.dll
0x000000006cf50000 - 0x000000006cf76000 	C:\Program Files\Bonjour\mdnsNSP.dll
0x00007ffd0c370000 - 0x00007ffd0c37a000 	C:\Windows\System32\rasadhlp.dll
0x00007ffd0f3c0000 - 0x00007ffd0f43f000 	C:\WINDOWS\System32\fwpuclnt.dll
0x00007ffd1cd40000 - 0x00007ffd1cd4b000 	C:\Program Files\Android\Android Studio\jre\jre\bin\sunmscapi.dll
0x00007ffd21270000 - 0x00007ffd213cf000 	C:\WINDOWS\System32\CRYPT32.dll

VM Arguments:
jvm_args: -Xmx1536m -Dfile.encoding=windows-1252 -Duser.country=US -Duser.language=en -Duser.variant 
java_command: org.gradle.launcher.daemon.bootstrap.GradleDaemon 5.4.1
java_class_path (initial): C:\Users\Ngoc-Than Le\.gradle\wrapper\dists\gradle-5.4.1-all\3221gyojl5jsh0helicew7rwx\gradle-5.4.1\lib\gradle-launcher-5.4.1.jar
Launcher Type: SUN_STANDARD

Environment Variables:
PATH=C:\VulkanSDK\1.0.39.1\Bin;C:\Python38\Scripts\;C:\Python38\;C:\WINDOWS\system32;C:\WINDOWS;C:\WINDOWS\System32\Wbem;C:\WINDOWS\System32\WindowsPowerShell\v1.0\;C:\WINDOWS\System32\OpenSSH\;D:\Git\cmd;D:\Microsoft SQL Server\120\DTS\Binn\;D:\Microsoft SQL Server\Client SDK\ODBC\110\Tools\Binn\;D:\Program Files (x86)\Microsoft SQL Server\120\Tools\Binn\;D:\Microsoft SQL Server\120\Tools\Binn\;D:\Program Files (x86)\Microsoft SQL Server\120\Tools\Binn\ManagementStudio\;D:\Program Files (x86)\Microsoft SQL Server\120\DTS\Binn\;D:\Microsoft SQL Server\130\Tools\Binn\;D:\Microsoft SQL Server\Client SDK\ODBC\170\Tools\Binn\;C:\Program Files\dotnet\;C:\Program Files\nodejs\;C:\ProgramData\chocolatey\bin;C:\Users\Ngoc-Than Le\AppData\Local\Microsoft\WindowsApps;;D:\Microsoft VS Code\bin;C:\Users\Ngoc-Than Le\AppData\Roaming\npm;C:\Users\Ngoc-Than Le\.dotnet\tools;D:\heroku\bin
USERNAME=Ngoc-Than Le
OS=Windows_NT
PROCESSOR_IDENTIFIER=Intel64 Family 6 Model 158 Stepping 9, GenuineIntel



---------------  S Y S T E M  ---------------

OS: Windows 10.0 , 64 bit Build 19041 (10.0.19041.804)

CPU:total 8 (initial active 8) (4 cores per cpu, 2 threads per core) family 6 model 158 stepping 9, cmov, cx8, fxsr, mmx, sse, sse2, sse3, ssse3, sse4.1, sse4.2, popcnt, avx, avx2, aes, clmul, erms, 3dnowpref, lzcnt, ht, tsc, tscinvbit, bmi1, bmi2, adx

Memory: 4k page, physical 8260772k(453688k free), swap 12455076k(5128k free)

vm_info: OpenJDK 64-Bit Server VM (25.242-b01) for windows-amd64 JRE (1.8.0_242-release-1644-b01), built by "builder" with MS VC++ 10.0 (VS2010)

time: Mon Apr 05 10:21:34 2021
timezone: SE Asia Standard Time
elapsed time: 2758 seconds (0d 0h 45m 58s)

